#
# There is insufficient memory for the Java Runtime Environment to continue.
# Native memory allocation (mmap) failed to map 534773760 bytes for Failed to commit area from 0x0000000603000000 to 0x0000000622e00000 of length 534773760.
# Possible reasons:
#   The system is out of physical RAM or swap space
#   The process is running with CompressedOops enabled, and the Java Heap may be blocking the growth of the native heap
# Possible solutions:
#   Reduce memory load on the system
#   Increase physical memory or swap space
#   Check if swap backing store is full
#   Decrease Java heap size (-Xmx/-Xms)
#   Decrease number of Java threads
#   Decrease Java thread stack sizes (-Xss)
#   Set larger code cache with -XX:ReservedCodeCacheSize=
# This output file may be truncated or incomplete.
#
#  Out of Memory Error (src/hotspot/os/windows/os_windows.cpp:3627), pid=80400, tid=6312
#
# JRE version:  (11.0.15+10) (build )
# Java VM: OpenJDK 64-Bit Server VM (11.0.15+10-b2043.56, mixed mode, sharing, tiered, compressed oops, g1 gc, windows-amd64)
# No core dump will be written. Minidumps are not enabled by default on client versions of Windows
#

---------------  S U M M A R Y ------------

Command Line: git4idea.http.GitAskPassApp Username for 'https://github.com': 

Host: Intel(R) Core(TM) i7-10700 CPU @ 2.90GHz, 16 cores, 31G,  Windows 11 , 64 bit Build 22000 (10.0.22000.708)
Time: Wed Aug  3 15:36:20 2022 Pacific Daylight Time elapsed time: 0.006758 seconds (0d 0h 0m 0s)

---------------  T H R E A D  ---------------

Current thread (0x0000029765393000):  JavaThread "Unknown thread" [_thread_in_vm, id=6312, stack(0x000000f514100000,0x000000f514200000)]

Stack: [0x000000f514100000,0x000000f514200000]
Native frames: (J=compiled Java code, j=interpreted, Vv=VM code, C=native code)
V  [jvm.dll+0x61612a]
V  [jvm.dll+0x79c450]
V  [jvm.dll+0x79da6d]
V  [jvm.dll+0x79e143]
V  [jvm.dll+0x24cc18]
V  [jvm.dll+0x613174]
V  [jvm.dll+0x607e55]
V  [jvm.dll+0x30b1cb]
V  [jvm.dll+0x30b13a]
V  [jvm.dll+0x30b012]
V  [jvm.dll+0x30ff76]
V  [jvm.dll+0x35b4c3]
V  [jvm.dll+0x35bbc6]
V  [jvm.dll+0x35b5c3]
V  [jvm.dll+0x2e5918]
V  [jvm.dll+0x2e6ab7]
V  [jvm.dll+0x7794f7]
V  [jvm.dll+0x77acec]
V  [jvm.dll+0x368a59]
V  [jvm.dll+0x75ce8e]
V  [jvm.dll+0x3d6a33]
V  [jvm.dll+0x3d9001]
C  [jli.dll+0x536b]
C  [ucrtbase.dll+0x26c0c]
C  [KERNEL32.DLL+0x154e0]
C  [ntdll.dll+0x485b]


---------------  P R O C E S S  ---------------

Threads class SMR info:
_java_thread_list=0x00000297650d1150, length=0, elements={
}

Java Threads: ( => current thread )

Other Threads:
  0x00000297653ac000 GCTaskThread "GC Thread#0" [stack: 0x000000f514200000,0x000000f514300000] [id=61272]
  0x000002976542f800 ConcurrentGCThread "G1 Main Marker" [stack: 0x000000f514300000,0x000000f514400000] [id=79320]
  0x0000029765430800 ConcurrentGCThread "G1 Conc#0" [stack: 0x000000f514400000,0x000000f514500000] [id=80124]

[error occurred during error reporting (printing all threads), id 0xc0000005, EXCEPTION_ACCESS_VIOLATION (0xc0000005) at pc=0x00007ff90e2f6017]

VM state:not at safepoint (not fully initialized)

VM Mutex/Monitor currently owned by a thread:  ([mutex/lock_event])
[0x000002976538eb10] Heap_lock - owner thread: 0x0000029765393000

Heap address: 0x0000000603000000, size: 8144 MB, Compressed Oops mode: Non-zero based: 0x0000000603000000
Narrow klass base: 0x0000000000000000, Narrow klass shift: 0

GC Heap History (0 events):
No events

Deoptimization events (0 events):
No events

Classes redefined (0 events):
No events

Internal exceptions (0 events):
No events

Events (1 events):
Event: 0.004 Loaded shared library C:\Users\rober\AppData\Local\JetBrains\Toolbox\apps\PyCharm-P\ch-0\221.6008.17\jbr\bin\zip.dll


Dynamic libraries:
0x00007ff6aef20000 - 0x00007ff6aef2a000 	C:\Users\rober\AppData\Local\JetBrains\Toolbox\apps\PyCharm-P\ch-0\221.6008.17\jbr\bin\java.exe
0x00007ff999e40000 - 0x00007ff99a049000 	C:\WINDOWS\SYSTEM32\ntdll.dll
0x00007ff999190000 - 0x00007ff99924d000 	C:\WINDOWS\System32\KERNEL32.DLL
0x00007ff9973a0000 - 0x00007ff997719000 	C:\WINDOWS\System32\KERNELBASE.dll
0x00007ff997880000 - 0x00007ff997991000 	C:\WINDOWS\System32\ucrtbase.dll
0x00007ff9609f0000 - 0x00007ff960a09000 	C:\Users\rober\AppData\Local\JetBrains\Toolbox\apps\PyCharm-P\ch-0\221.6008.17\jbr\bin\jli.dll
0x00007ff9609d0000 - 0x00007ff9609e6000 	C:\Users\rober\AppData\Local\JetBrains\Toolbox\apps\PyCharm-P\ch-0\221.6008.17\jbr\bin\VCRUNTIME140.dll
0x00007ff998e00000 - 0x00007ff998fac000 	C:\WINDOWS\System32\USER32.dll
0x00007ff982250000 - 0x00007ff9824f5000 	C:\WINDOWS\WinSxS\amd64_microsoft.windows.common-controls_6595b64144ccf1df_6.0.22000.120_none_9d947278b86cc467\COMCTL32.dll
0x00007ff997ca0000 - 0x00007ff997cc6000 	C:\WINDOWS\System32\win32u.dll
0x00007ff999450000 - 0x00007ff9994f3000 	C:\WINDOWS\System32\msvcrt.dll
0x00007ff997df0000 - 0x00007ff997e19000 	C:\WINDOWS\System32\GDI32.dll
0x00007ff9979a0000 - 0x00007ff997ab2000 	C:\WINDOWS\System32\gdi32full.dll
0x00007ff9977e0000 - 0x00007ff99787d000 	C:\WINDOWS\System32\msvcp_win.dll
0x00007ff998030000 - 0x00007ff998061000 	C:\WINDOWS\System32\IMM32.DLL
0x00007ff953e30000 - 0x00007ff953eda000 	C:\Users\rober\AppData\Local\JetBrains\Toolbox\apps\PyCharm-P\ch-0\221.6008.17\jbr\bin\msvcp140.dll
0x00007ff90e000000 - 0x00007ff90eb7b000 	C:\Users\rober\AppData\Local\JetBrains\Toolbox\apps\PyCharm-P\ch-0\221.6008.17\jbr\bin\server\jvm.dll
0x00007ff9990e0000 - 0x00007ff99918e000 	C:\WINDOWS\System32\ADVAPI32.dll
0x00007ff997ce0000 - 0x00007ff997d7e000 	C:\WINDOWS\System32\sechost.dll
0x00007ff9995e0000 - 0x00007ff999700000 	C:\WINDOWS\System32\RPCRT4.dll
0x00007ff997cd0000 - 0x00007ff997cd8000 	C:\WINDOWS\System32\PSAPI.DLL
0x00007ff990850000 - 0x00007ff990883000 	C:\WINDOWS\SYSTEM32\WINMM.dll
0x00007ff994790000 - 0x00007ff994799000 	C:\WINDOWS\SYSTEM32\WSOCK32.dll
0x00007ff997fc0000 - 0x00007ff99802f000 	C:\WINDOWS\System32\WS2_32.dll
0x00007ff98f090000 - 0x00007ff98f09a000 	C:\WINDOWS\SYSTEM32\VERSION.dll
0x00007ff9964d0000 - 0x00007ff9964e8000 	C:\WINDOWS\SYSTEM32\kernel.appcore.dll
0x00007ff991da0000 - 0x00007ff991db1000 	C:\Users\rober\AppData\Local\JetBrains\Toolbox\apps\PyCharm-P\ch-0\221.6008.17\jbr\bin\verify.dll
0x00007ff98a660000 - 0x00007ff98a881000 	C:\WINDOWS\SYSTEM32\DBGHELP.DLL
0x00007ff97edb0000 - 0x00007ff97ede1000 	C:\WINDOWS\SYSTEM32\dbgcore.DLL
0x00007ff997320000 - 0x00007ff99739f000 	C:\WINDOWS\System32\bcryptPrimitives.dll
0x00007ff98b5f0000 - 0x00007ff98b619000 	C:\Users\rober\AppData\Local\JetBrains\Toolbox\apps\PyCharm-P\ch-0\221.6008.17\jbr\bin\java.dll
0x00007ff994860000 - 0x00007ff99486b000 	C:\Users\rober\AppData\Local\JetBrains\Toolbox\apps\PyCharm-P\ch-0\221.6008.17\jbr\bin\jimage.dll
0x00007ff991140000 - 0x00007ff991159000 	C:\Users\rober\AppData\Local\JetBrains\Toolbox\apps\PyCharm-P\ch-0\221.6008.17\jbr\bin\zip.dll

dbghelp: loaded successfully - version: 4.0.5 - missing functions: none
symbol engine: initialized successfully - sym options: 0x614 - pdb path: .;C:\Users\rober\AppData\Local\JetBrains\Toolbox\apps\PyCharm-P\ch-0\221.6008.17\jbr\bin;C:\WINDOWS\SYSTEM32;C:\WINDOWS\WinSxS\amd64_microsoft.windows.common-controls_6595b64144ccf1df_6.0.22000.120_none_9d947278b86cc467;C:\Users\rober\AppData\Local\JetBrains\Toolbox\apps\PyCharm-P\ch-0\221.6008.17\jbr\bin\server

VM Arguments:
java_command: git4idea.http.GitAskPassApp Username for 'https://github.com': 
java_class_path (initial): C:/Users/rober/AppData/Local/JetBrains/Toolbox/apps/PyCharm-P/ch-0/221.6008.17/plugins/git4idea/lib/git4idea-rt.jar;C:/Users/rober/AppData/Local/JetBrains/Toolbox/apps/PyCharm-P/ch-0/221.6008.17/lib/externalProcess-rt.jar;C:/Users/rober/AppData/Local/JetBrains/Toolbox/apps/PyCharm-P/ch-0/221.6008.17/lib/app.jar;C:/Users/rober/AppData/Local/JetBrains/Toolbox/apps/PyCharm-P/ch-0/221.6008.17/lib/3rd-party-rt.jar
Launcher Type: SUN_STANDARD

[Global flags]
     intx CICompilerCount                          = 12                                        {product} {ergonomic}
     uint ConcGCThreads                            = 3                                         {product} {ergonomic}
     uint G1ConcRefinementThreads                  = 13                                        {product} {ergonomic}
   size_t G1HeapRegionSize                         = 2097152                                   {product} {ergonomic}
    uintx GCDrainStackTargetSize                   = 64                                        {product} {ergonomic}
   size_t InitialHeapSize                          = 534773760                                 {product} {ergonomic}
   size_t MarkStackSize                            = 4194304                                   {product} {ergonomic}
   size_t MaxHeapSize                              = 8539602944                                {product} {ergonomic}
   size_t MinHeapDeltaBytes                        = 2097152                                   {product} {ergonomic}
    uintx NonNMethodCodeHeapSize                   = 7594288                                {pd product} {ergonomic}
    uintx NonProfiledCodeHeapSize                  = 122031976                              {pd product} {ergonomic}
    uintx ProfiledCodeHeapSize                     = 122031976                              {pd product} {ergonomic}
    uintx ReservedCodeCacheSize                    = 251658240                              {pd product} {ergonomic}
     bool SegmentedCodeCache                       = true                                      {product} {ergonomic}
     bool UseCompressedClassPointers               = true                                 {lp64_product} {ergonomic}
     bool UseCompressedOops                        = true                                 {lp64_product} {ergonomic}
     bool UseG1GC                                  = true                                      {product} {ergonomic}
     bool UseLargePagesIndividualAllocation        = false                                  {pd product} {ergonomic}

Logging:
Log output configuration:
 #0: stdout all=warning uptime,level,tags
 #1: stderr all=off uptime,level,tags

Environment Variables:
PATH=C:/Program Files/Git/mingw64/libexec/git-core;C:/Program Files/Git/mingw64/libexec/git-core;C:\Program Files\Git\mingw64\bin;C:\Program Files\Git\usr\bin;C:\Users\rober\bin;C:\Users\rober\PycharmProjects\PyDice\venv\Scripts;C:\Program Files (x86)\Razer Chroma SDK\bin;C:\Program Files\Razer Chroma SDK\bin;C:\Program Files (x86)\Razer\ChromaBroadcast\bin;C:\Program Files\Razer\ChromaBroadcast\bin;C:\Windows\system32;C:\Windows;C:\Windows\System32\Wbem;C:\Windows\System32\WindowsPowerShell\v1.0\;C:\Windows\System32\OpenSSH\;C:\Program Files (x86)\NVIDIA Corporation\PhysX\Common;C:\Program Files\NVIDIA Corporation\NVIDIA NvDLISR;C:\WINDOWS\system32;C:\WINDOWS;C:\WINDOWS\System32\Wbem;C:\WINDOWS\System32\WindowsPowerShell\v1.0\;C:\WINDOWS\System32\OpenSSH\;C:\Users\rober\AppData\Local\Microsoft\WindowsApps;C:\Program Files\nodejs\;C:\Program Files\Git\cmd;C:\Program Files (x86)\PowerShell\7\;C:\Program Files\dotnet\;C:\Program Files\PuTTY\;C:\Program Files\Microsoft SQL Server\130\Tools\Binn\;C:\Program Files\Microsoft SQL Server\Client SDK\ODBC\170\Tools\Binn\;C:\ProgramData\chocolatey\bin;C:\WINDOWS\system32\config\systemprofile\AppData\Local\Microsoft\WindowsApps;C:\Program Files\MySQL\MySQL Shell 8.0\bin\;C:\Users\rober\AppData\Local\Microsoft\WindowsApps;C:\Users\rober\AppData\Local\Programs\Microsoft VS Code\bin;C:\Users\rober\AppData\Roaming\npm;C:\Users\rober\.dotnet\tools;C:\Users\rober\AppData\Local\GitHubDesktop\bin;C:\Users\rober\AppData\Local\JetBrains\Toolbox\scripts
USERNAME=rober
DISPLAY=:0.0
LC_ALL=en_US.UTF-8
OS=Windows_NT
PROCESSOR_IDENTIFIER=Intel64 Family 6 Model 165 Stepping 5, GenuineIntel



---------------  S Y S T E M  ---------------

OS: Windows 11 , 64 bit Build 22000 (10.0.22000.708)
OS uptime: 3 days 6:54 hours
Hyper-V role detected

CPU:total 16 (initial active 16) (8 cores per cpu, 2 threads per core) family 6 model 165 stepping 5 microcode 0xec, cmov, cx8, fxsr, mmx, sse, sse2, sse3, ssse3, sse4.1, sse4.2, popcnt, avx, avx2, aes, clmul, erms, 3dnowpref, lzcnt, ht, tsc, tscinvbit, bmi1, bmi2, adx, fma

Memory: 4k page, system-wide physical 32569M (12593M free)
TotalPageFile size 130873M (AvailPageFile size 201M)
current process WorkingSet (physical memory assigned to process): 11M, peak: 11M
current process commit charge ("private bytes"): 71M, peak: 581M

vm_info: OpenJDK 64-Bit Server VM (11.0.15+10-b2043.56) for windows-amd64 JRE (11.0.15+10-b2043.56), built on May 16 2022 02:28:12 by "" with MS VC++ 14.0 (VS2015)

END.
